/softslin/synthesisvH2013_06_sp4_64b/auxx/gui/dv/dv_setup.tcl
/softslin/synthesisvH2013_06_sp4_64b/auxx/gui/syn/snpsSynProcs.tcl
/softslin/synthesisvH2013_06_sp4_64b/auxx/tcllib/lib/tcl8.4/package.tcl
/softslin/synthesisvH2013_06_sp4_64b/auxx/gui/syn/layout/pkgIndex.tcl
/softslin/synthesisvH2013_06_sp4_64b/auxx/gui/common/WindowFrameWork/pkgIndex.tcl
/softslin/synthesisvH2013_06_sp4_64b/auxx/gui/common/acg/pkgIndex.tcl
/softslin/synthesisvH2013_06_sp4_64b/auxx/gui/common/dialogs/pkgIndex.tcl
/softslin/synthesisvH2013_06_sp4_64b/auxx/gui/common/docBrowser/pkgIndex.tcl
/softslin/synthesisvH2013_06_sp4_64b/auxx/gui/common/fanoutviewer/pkgIndex.tcl
/softslin/synthesisvH2013_06_sp4_64b/auxx/gui/common/hierarchy/pkgIndex.tcl
/softslin/synthesisvH2013_06_sp4_64b/auxx/gui/common/highlight/pkgIndex.tcl
/softslin/synthesisvH2013_06_sp4_64b/auxx/gui/common/histogram/pkgIndex.tcl
/softslin/synthesisvH2013_06_sp4_64b/auxx/gui/common/layout/pkgIndex.tcl
/softslin/synthesisvH2013_06_sp4_64b/auxx/gui/common/libviewer/pkgIndex.tcl
/softslin/synthesisvH2013_06_sp4_64b/auxx/gui/common/menus/pkgIndex.tcl
/softslin/synthesisvH2013_06_sp4_64b/auxx/gui/common/misc/pkgIndex.tcl
/softslin/synthesisvH2013_06_sp4_64b/auxx/gui/common/opdlg/pkgIndex.tcl
/softslin/synthesisvH2013_06_sp4_64b/auxx/gui/common/pathinspector/pkgIndex.tcl
/softslin/synthesisvH2013_06_sp4_64b/auxx/gui/common/profiler/pkgIndex.tcl
/softslin/synthesisvH2013_06_sp4_64b/auxx/gui/common/qtcl/pkgIndex.tcl
/softslin/synthesisvH2013_06_sp4_64b/auxx/gui/common/regressionToolkit/pkgIndex.tcl
/softslin/synthesisvH2013_06_sp4_64b/auxx/gui/common/schematic/pkgIndex.tcl
/softslin/synthesisvH2013_06_sp4_64b/auxx/gui/common/select/pkgIndex.tcl
/softslin/synthesisvH2013_06_sp4_64b/auxx/gui/common/setup/pkgIndex.tcl
/softslin/synthesisvH2013_06_sp4_64b/auxx/gui/common/strokes/pkgIndex.tcl
/softslin/synthesisvH2013_06_sp4_64b/auxx/gui/common/table/pkgIndex.tcl
/softslin/synthesisvH2013_06_sp4_64b/auxx/gui/common/tcl-dp/pkgIndex.tcl
/softslin/synthesisvH2013_06_sp4_64b/auxx/gui/common/timing/pkgIndex.tcl
/softslin/synthesisvH2013_06_sp4_64b/auxx/gui/common/view/pkgIndex.tcl
/softslin/synthesisvH2013_06_sp4_64b/auxx/gui/dv/pkgIndex.tcl
/softslin/synthesisvH2013_06_sp4_64b/auxx/tcllib/snps_tcl/snpsTclPro/pkgIndex.tcl
/softslin/synthesisvH2013_06_sp4_64b/auxx/tcllib/snps_tcl/snpsTest/pkgIndex.tcl
/softslin/synthesisvH2013_06_sp4_64b/auxx/tcllib/snps_tcl/snpsUtils/pkgIndex.tcl
/softslin/synthesisvH2013_06_sp4_64b/auxx/tcllib/snps_tcl/pkgIndex.tcl
/softslin/synthesisvH2013_06_sp4_64b/auxx/tcllib/lib/tcl8.4/dde/pkgIndex.tcl
/softslin/synthesisvH2013_06_sp4_64b/auxx/tcllib/lib/tcl8.4/http/pkgIndex.tcl
/softslin/synthesisvH2013_06_sp4_64b/auxx/tcllib/lib/tcl8.4/http1.0/pkgIndex.tcl
/softslin/synthesisvH2013_06_sp4_64b/auxx/tcllib/lib/tcl8.4/msgcat/pkgIndex.tcl
/softslin/synthesisvH2013_06_sp4_64b/auxx/tcllib/lib/tcl8.4/opt/pkgIndex.tcl
/softslin/synthesisvH2013_06_sp4_64b/auxx/tcllib/lib/tcl8.4/reg/pkgIndex.tcl
/softslin/synthesisvH2013_06_sp4_64b/auxx/tcllib/lib/tcl8.4/tcltest/pkgIndex.tcl
/softslin/synthesisvH2013_06_sp4_64b/auxx/gui/common/setup/snpsCommonSetup.tcl
/softslin/synthesisvH2013_06_sp4_64b/auxx/gui/common/setup/snpsCustomize.tcl
/softslin/synthesisvH2013_06_sp4_64b/auxx/gui/common/setup/snpsProcheck.tcl
/softslin/synthesisvH2013_06_sp4_64b/auxx/gui/common/qtcl/.synopsys_qtcl.tcl
/softslin/synthesisvH2013_06_sp4_64b/auxx/gui/common/highlight/highlight.tcl
/softslin/synthesisvH2013_06_sp4_64b/auxx/gui/common/misc/base.tcl
/softslin/synthesisvH2013_06_sp4_64b/auxx/gui/common/misc/timing.tcl
/softslin/synthesisvH2013_06_sp4_64b/auxx/gui/common/misc/setting.tcl
/softslin/synthesisvH2013_06_sp4_64b/auxx/gui/common/misc/preset.tcl
/softslin/synthesisvH2013_06_sp4_64b/auxx/gui/common/WindowFrameWork/windowFrameWork.tcl
/softslin/synthesisvH2013_06_sp4_64b/auxx/gui/common/WindowFrameWork/skipBusyCursorCmdList.tcl
/softslin/synthesisvH2013_06_sp4_64b/auxx/gui/common/docBrowser/docBrowser.tcl
/softslin/synthesisvH2013_06_sp4_64b/auxx/tcllib/snps_tcl/snpsUtils/snpsUtils.tcl
/softslin/synthesisvH2013_06_sp4_64b/auxx/gui/common/dialogs/ObjectChooser.tcl
/softslin/synthesisvH2013_06_sp4_64b/auxx/gui/common/misc/DialogObjectChooser.tcl
/softslin/synthesisvH2013_06_sp4_64b/auxx/gui/common/dialogs/HistBinInformation.tcl
/softslin/synthesisvH2013_06_sp4_64b/auxx/gui/common/dialogs/HistBin1Information.tcl
/softslin/synthesisvH2013_06_sp4_64b/auxx/gui/common/dialogs/BinsOnlyInformation.tcl
/softslin/synthesisvH2013_06_sp4_64b/auxx/gui/common/dialogs/FileChooser.tcl
/softslin/synthesisvH2013_06_sp4_64b/auxx/gui/common/dialogs/PathPinSimpleInfo.tcl
/softslin/synthesisvH2013_06_sp4_64b/auxx/gui/common/dialogs/PathsBasicInfo.tcl
/softslin/synthesisvH2013_06_sp4_64b/auxx/gui/common/dialogs/PathsBasicSimpleInfo.tcl
/softslin/synthesisvH2013_06_sp4_64b/auxx/gui/common/dialogs/SlctOperationInfo.tcl
/softslin/synthesisvH2013_06_sp4_64b/auxx/gui/common/dialogs/ObjectListInfo.tcl
/softslin/synthesisvH2013_06_sp4_64b/auxx/gui/common/dialogs/FanInOutInfo.tcl
/softslin/synthesisvH2013_06_sp4_64b/auxx/gui/common/dialogs/NumberOfLevelsChooser.tcl
/softslin/synthesisvH2013_06_sp4_64b/auxx/gui/common/dialogs/WindowReuseInfo.tcl
/softslin/synthesisvH2013_06_sp4_64b/auxx/gui/common/dialogs/ReportOutputOptionInfo.tcl
/softslin/synthesisvH2013_06_sp4_64b/auxx/gui/common/setup/snpsCollections.tcl
/softslin/synthesisvH2013_06_sp4_64b/auxx/gui/common/dialogs/CompileLinkDesign.tcl
/softslin/synthesisvH2013_06_sp4_64b/auxx/gui/common/histogram/DialogEndpointSlack.tcl
/softslin/synthesisvH2013_06_sp4_64b/auxx/gui/common/histogram/DialogPathsSlack.tcl
/softslin/synthesisvH2013_06_sp4_64b/auxx/gui/common/histogram/DialogNetCapacitance.tcl
/softslin/synthesisvH2013_06_sp4_64b/auxx/gui/common/schematic/DialogPathSchematicFanInOut.tcl
/softslin/synthesisvH2013_06_sp4_64b/auxx/gui/common/schematic/DialogPathSchematicAddPaths.tcl
/softslin/synthesisvH2013_06_sp4_64b/auxx/tcllib/lib/tk8.4/tk.tcl
/softslin/synthesisvH2013_06_sp4_64b/auxx/tcllib/lib/tcl8.4/msgcat/msgcat.tcl
/softslin/synthesisvH2013_06_sp4_64b/auxx/tcllib/lib/tk8.4/button.tcl
/softslin/synthesisvH2013_06_sp4_64b/auxx/tcllib/lib/tk8.4/entry.tcl
/softslin/synthesisvH2013_06_sp4_64b/auxx/tcllib/lib/tk8.4/listbox.tcl
/softslin/synthesisvH2013_06_sp4_64b/auxx/tcllib/lib/tk8.4/menu.tcl
/softslin/synthesisvH2013_06_sp4_64b/auxx/tcllib/lib/tk8.4/panedwindow.tcl
/softslin/synthesisvH2013_06_sp4_64b/auxx/tcllib/lib/tk8.4/scale.tcl
/softslin/synthesisvH2013_06_sp4_64b/auxx/tcllib/lib/tk8.4/scrlbar.tcl
/softslin/synthesisvH2013_06_sp4_64b/auxx/tcllib/lib/tk8.4/spinbox.tcl
/softslin/synthesisvH2013_06_sp4_64b/auxx/tcllib/lib/tk8.4/text.tcl
/softslin/synthesisvH2013_06_sp4_64b/auxx/tcllib/lib/tix8.1.4/Init.tcl
/softslin/synthesisvH2013_06_sp4_64b/auxx/tcllib/lib/tix8.1.4/Version.tcl
/softslin/synthesisvH2013_06_sp4_64b/auxx/tcllib/lib/tix8.1.4/UnixFile.tcl
/softslin/synthesisvH2013_06_sp4_64b/auxx/tcllib/lib/tix8.1.4/Tix.tcl
/softslin/synthesisvH2013_06_sp4_64b/auxx/tcllib/lib/tix8.1.4/fs.tcl
/softslin/synthesisvH2013_06_sp4_64b/auxx/tcllib/lib/tix8.1.4/pref/WmDefault.fsc
/softslin/synthesisvH2013_06_sp4_64b/auxx/tcllib/lib/tix8.1.4/pref/pkgIndex.tcl
/softslin/synthesisvH2013_06_sp4_64b/auxx/gui/syn/layout/pkgIndex.tcl
/softslin/synthesisvH2013_06_sp4_64b/auxx/gui/common/WindowFrameWork/pkgIndex.tcl
/softslin/synthesisvH2013_06_sp4_64b/auxx/gui/common/acg/pkgIndex.tcl
/softslin/synthesisvH2013_06_sp4_64b/auxx/gui/common/dialogs/pkgIndex.tcl
/softslin/synthesisvH2013_06_sp4_64b/auxx/gui/common/docBrowser/pkgIndex.tcl
/softslin/synthesisvH2013_06_sp4_64b/auxx/gui/common/fanoutviewer/pkgIndex.tcl
/softslin/synthesisvH2013_06_sp4_64b/auxx/gui/common/hierarchy/pkgIndex.tcl
/softslin/synthesisvH2013_06_sp4_64b/auxx/gui/common/highlight/pkgIndex.tcl
/softslin/synthesisvH2013_06_sp4_64b/auxx/gui/common/histogram/pkgIndex.tcl
/softslin/synthesisvH2013_06_sp4_64b/auxx/gui/common/layout/pkgIndex.tcl
/softslin/synthesisvH2013_06_sp4_64b/auxx/gui/common/libviewer/pkgIndex.tcl
/softslin/synthesisvH2013_06_sp4_64b/auxx/gui/common/menus/pkgIndex.tcl
/softslin/synthesisvH2013_06_sp4_64b/auxx/gui/common/misc/pkgIndex.tcl
/softslin/synthesisvH2013_06_sp4_64b/auxx/gui/common/opdlg/pkgIndex.tcl
/softslin/synthesisvH2013_06_sp4_64b/auxx/gui/common/pathinspector/pkgIndex.tcl
/softslin/synthesisvH2013_06_sp4_64b/auxx/gui/common/profiler/pkgIndex.tcl
/softslin/synthesisvH2013_06_sp4_64b/auxx/gui/common/qtcl/pkgIndex.tcl
/softslin/synthesisvH2013_06_sp4_64b/auxx/gui/common/regressionToolkit/pkgIndex.tcl
/softslin/synthesisvH2013_06_sp4_64b/auxx/gui/common/schematic/pkgIndex.tcl
/softslin/synthesisvH2013_06_sp4_64b/auxx/gui/common/select/pkgIndex.tcl
/softslin/synthesisvH2013_06_sp4_64b/auxx/gui/common/setup/pkgIndex.tcl
/softslin/synthesisvH2013_06_sp4_64b/auxx/gui/common/strokes/pkgIndex.tcl
/softslin/synthesisvH2013_06_sp4_64b/auxx/gui/common/table/pkgIndex.tcl
/softslin/synthesisvH2013_06_sp4_64b/auxx/gui/common/tcl-dp/pkgIndex.tcl
/softslin/synthesisvH2013_06_sp4_64b/auxx/gui/common/timing/pkgIndex.tcl
/softslin/synthesisvH2013_06_sp4_64b/auxx/gui/common/view/pkgIndex.tcl
/softslin/synthesisvH2013_06_sp4_64b/auxx/gui/dv/pkgIndex.tcl
/softslin/synthesisvH2013_06_sp4_64b/auxx/tcllib/snps_tcl/snpsTclPro/pkgIndex.tcl
/softslin/synthesisvH2013_06_sp4_64b/auxx/tcllib/snps_tcl/snpsTest/pkgIndex.tcl
/softslin/synthesisvH2013_06_sp4_64b/auxx/tcllib/snps_tcl/snpsUtils/pkgIndex.tcl
/softslin/synthesisvH2013_06_sp4_64b/auxx/tcllib/snps_tcl/pkgIndex.tcl
/softslin/synthesisvH2013_06_sp4_64b/auxx/tcllib/lib/tcl8.4/dde/pkgIndex.tcl
/softslin/synthesisvH2013_06_sp4_64b/auxx/tcllib/lib/tcl8.4/http/pkgIndex.tcl
/softslin/synthesisvH2013_06_sp4_64b/auxx/tcllib/lib/tcl8.4/http1.0/pkgIndex.tcl
/softslin/synthesisvH2013_06_sp4_64b/auxx/tcllib/lib/tcl8.4/msgcat/pkgIndex.tcl
/softslin/synthesisvH2013_06_sp4_64b/auxx/tcllib/lib/tcl8.4/opt/pkgIndex.tcl
/softslin/synthesisvH2013_06_sp4_64b/auxx/tcllib/lib/tcl8.4/reg/pkgIndex.tcl
/softslin/synthesisvH2013_06_sp4_64b/auxx/tcllib/lib/tcl8.4/tcltest/pkgIndex.tcl
/softslin/synthesisvH2013_06_sp4_64b/auxx/tcllib/lib/tix8.1.4/pref/WmDefault.tcl
/softslin/synthesisvH2013_06_sp4_64b/auxx/tcllib/lib/tix8.1.4/pref/WmDefault.csc
/softslin/synthesisvH2013_06_sp4_64b/auxx/tcllib/lib/tix8.1.4/HList.tcl
/softslin/synthesisvH2013_06_sp4_64b/auxx/tcllib/lib/tk8.4/unsupported.tcl
/softslin/synthesisvH2013_06_sp4_64b/auxx/tcllib/lib/tix8.1.4/Event.tcl
/softslin/synthesisvH2013_06_sp4_64b/auxx/tcllib/lib/tix8.1.4/TList.tcl
/softslin/synthesisvH2013_06_sp4_64b/auxx/tcllib/lib/tix8.1.4/Grid.tcl
/softslin/synthesisvH2013_06_sp4_64b/auxx/tcllib/lib/tix8.1.4/ComboBox.tcl
/softslin/synthesisvH2013_06_sp4_64b/auxx/tcllib/lib/tix8.1.4/LabWidg.tcl
/softslin/synthesisvH2013_06_sp4_64b/auxx/tcllib/lib/tix8.1.4/Primitiv.tcl
/softslin/synthesisvH2013_06_sp4_64b/auxx/tcllib/lib/tix8.1.4/Control.tcl
/softslin/synthesisvH2013_06_sp4_64b/auxx/tcllib/lib/tix8.1.4/FloatEnt.tcl
/softslin/synthesisvH2013_06_sp4_64b/auxx/tcllib/lib/tix8.1.4/LabEntry.tcl
/softslin/synthesisvH2013_06_sp4_64b/auxx/tcllib/lib/tix8.1.4/SGrid.tcl
/softslin/synthesisvH2013_06_sp4_64b/auxx/tcllib/lib/tix8.1.4/SWidget.tcl
/softslin/synthesisvH2013_06_sp4_64b/auxx/tcllib/lib/tix8.1.4/SListBox.tcl
/softslin/synthesisvH2013_06_sp4_64b/auxx/gui/common/histogram/base.tcl
/softslin/synthesisvH2013_06_sp4_64b/auxx/gui/common/profiler/base.tcl
/softslin/synthesisvH2013_06_sp4_64b/auxx/gui/common/schematic/base.tcl
/softslin/synthesisvH2013_06_sp4_64b/auxx/gui/common/select/baseInternal.tcl
/softslin/synthesisvH2013_06_sp4_64b/auxx/gui/common/schematic/enable.tcl
/softslin/synthesisvH2013_06_sp4_64b/auxx/gui/common/schematic/netlist.tcl
/softslin/synthesisvH2013_06_sp4_64b/auxx/gui/common/schematic/method.tcl
/softslin/synthesisvH2013_06_sp4_64b/auxx/gui/common/misc/createViewType.tcl
/softslin/synthesisvH2013_06_sp4_64b/auxx/gui/common/menus/base.tcl
/softslin/synthesisvH2013_06_sp4_64b/auxx/gui/common/libviewer/base.tcl
/softslin/synthesisvH2013_06_sp4_64b/auxx/gui/common/misc/viewmgr.tcl
/softslin/synthesisvH2013_06_sp4_64b/auxx/gui/common/pathinspector/base.tcl
/softslin/synthesisvH2013_06_sp4_64b/auxx/gui/common/pathinspector/create_window_and_menu.tcl
/softslin/synthesisvH2013_06_sp4_64b/auxx/gui/dv/dv_path_cat_view.tcl
/softslin/synthesisvH2013_06_sp4_64b/auxx/gui/common/table/table.tcl
/softslin/synthesisvH2013_06_sp4_64b/auxx/gui/common/table/table_internal.tcl
/softslin/synthesisvH2013_06_sp4_64b/auxx/gui/common/misc/infotip.tcl
/softslin/synthesisvH2013_06_sp4_64b/auxx/gui/common/misc/viewporthistory.tcl
/tp/xph3sei/xph3sei201/TP_TEST/TP2/TP_SCAN_INSERTION/vhdl/COMPUTE_BLOCK.vhd
/tp/xph3sei/xph3sei201/TP_TEST/TP2/TP_SCAN_INSERTION/vhdl/TIME_BLOCK.vhd
/tp/xph3sei/xph3sei201/TP_TEST/TP2/TP_SCAN_INSERTION/vhdl/CORE.vhd
/tp/xph3sei/xph3sei201/TP_TEST/TP2/TP_SCAN_INSERTION/vhdl/CONVERTOR_CKT.vhd
/tp/xph3sei/xph3sei201/TP_TEST/TP2/TP_SCAN_INSERTION/vhdl/CONVERTOR.vhd.vhdl
/tp/xph3sei/xph3sei201/TP_TEST/TP2/TP_SCAN_INSERTION/vhdl/COMPARATOR.vhd
/tp/xph3sei/xph3sei201/TP_TEST/TP2/TP_SCAN_INSERTION/vhdl/CLOCK_GEN.vhd
/tp/xph3sei/xph3sei201/TP_TEST/TP2/TP_SCAN_INSERTION/vhdl/ALARM_SM_2.vhd
/tp/xph3sei/xph3sei201/TP_TEST/TP2/TP_SCAN_INSERTION/vhdl/ALARM_BLOCK.vhd
/softslin/AMS_410_CDS/synopsys/c35_3.3V/c35_CORELIB.db
/softslin/synthesisvH2013_06_sp4_64b/libraries/syn/gtech.db
/softslin/synthesisvH2013_06_sp4_64b/libraries/syn/standard.sldb
/tp/xph3sei/xph3sei201/TP_TEST/TP2/TP_SCAN_INSERTION/do.tlc
/tp/xph3sei/xph3sei201/TP_TEST/TP2/TP_SCAN_INSERTION/do.tlc
/softslin/AMS_410_CDS/synopsys/c35_3.3V/c35_CORELIB_TYP.db
/tp/xph3sei/xph3sei201/synopsys_cache_H-2013.03-SP4/DW01/DW01_MUX/str/c35_CORELIB_TYP_7567_8167_6715/element.ddc
/tp/xph3sei/xph3sei201/synopsys_cache_H-2013.03-SP4/DW01/DW01_mmux/str/2/c35_CORELIB_TYP_7567_8167_6715/element.ddc
/tp/xph3sei/xph3sei201/synopsys_cache_H-2013.03-SP4/DW01/DW01_mmux/str/3/c35_CORELIB_TYP_7567_8167_6715/element.ddc
/tp/xph3sei/xph3sei201/synopsys_cache_H-2013.03-SP4/DW01/DW01_mmux/str/4/c35_CORELIB_TYP_7567_8167_6715/element.ddc
/tp/xph3sei/xph3sei201/synopsys_cache_H-2013.03-SP4/DW01/DW01_mmux/str/5/c35_CORELIB_TYP_7567_8167_6715/element.ddc
/tp/xph3sei/xph3sei201/synopsys_cache_H-2013.03-SP4/DW01/DW01_cmp6/rpl/4/c35_CORELIB_TYP_7567/element.ddc
/tp/xph3sei/xph3sei201/synopsys_cache_H-2013.03-SP4/DW01/DW01_cmp6/rpl/6/c35_CORELIB_TYP_7567/element.ddc
/tp/xph3sei/xph3sei201/synopsys_cache_H-2013.03-SP4/DW02/DW02_mult/csa/4/1/c35_CORELIB_TYP_7567/element.ddc
/softslin/synthesisvH2013_06_sp4_64b/libraries/syn/generic.sdb
/tp/xph3sei/xph3sei201/synopsys_cache_H-2013.03-SP4/DW01/DW01_cmp6/rpl/4/c35_CORELIB_TYP_7567/element.ddc
/tp/xph3sei/xph3sei201/synopsys_cache_H-2013.03-SP4/DW01/DW01_cmp6/rpl/6/c35_CORELIB_TYP_7567/element.ddc
/tp/xph3sei/xph3sei201/synopsys_cache_H-2013.03-SP4/DW01/DW01_inc/rpl/6/c35_CORELIB_TYP_7567/element.ddc
/tp/xph3sei/xph3sei201/synopsys_cache_H-2013.03-SP4/DW02/DW02_mult/csa/4/1/c35_CORELIB_TYP_7567_8167_6715/element.ddc
/tp/xph3sei/xph3sei201/synopsys_cache_H-2013.03-SP4/DW01/DW01_inc/rpl/4/c35_CORELIB_TYP_7567_8167_6715/element.ddc
/tp/xph3sei/xph3sei201/synopsys_cache_H-2013.03-SP4/DW02/DW02_mult/csa/1/4/c35_CORELIB_TYP_7567_8167_6715/element.ddc
/tp/xph3sei/xph3sei201/synopsys_cache_H-2013.03-SP4/DW01/DW01_inc/rpl/4/c35_CORELIB_TYP_7567/element.ddc
/tp/xph3sei/xph3sei201/synopsys_cache_H-2013.03-SP4/DW02/DW02_mult/csa/4/1/c35_CORELIB_TYP_7567/element.ddc
/softslin/AMS_410_CDS/synopsys/c35_3.3V/c35_CORELIB.db
/softslin/AMS_410_CDS/synopsys/c35_3.3V/c35_CORELIB_TYP.db
/tp/xph3sei/xph3sei201/TP_TEST/TP2/TP_SCAN_INSERTION/add_Test_Mode.tlc
/tp/xph3sei/xph3sei201/TP_TEST/TP2/TP_SCAN_INSERTION/add_Test_Mode.tlc
/tp/xph3sei/xph3sei201/TP_TEST/TP2/TP_SCAN_INSERTION/COMPUTE_BLOCK_CONTROL_FORCE.v
/tp/xph3sei/xph3sei201/TP_TEST/TP2/TP_SCAN_INSERTION/COMPUTE_BLOCK_CONTROL_FORCE.v
/tp/xph3sei/xph3sei201/TP_TEST/TP2/TP_SCAN_INSERTION/config_ports.tlc
/tp/xph3sei/xph3sei201/TP_TEST/TP2/TP_SCAN_INSERTION/config_ports.tlc
/tp/xph3sei/xph3sei201/TP_TEST/TP2/TP_SCAN_INSERTION/save_files.tlc
/softslin/AMS_410_CDS/synopsys/c35_3.3V/c35_CORELIB_TYP.db
/tp/xph3sei/xph3sei201/TP_TEST/TP2/TP_SCAN_INSERTION/vhdl/CORE.vhd
/tp/xph3sei/xph3sei201/TP_TEST/TP2/TP_SCAN_INSERTION/vhdl/CONVERTOR.vhd.vhdl
/softslin/AMS_410_CDS/synopsys/c35_3.3V/c35_CORELIB.db
/softslin/AMS_410_CDS/synopsys/c35_3.3V/c35_CORELIB_TYP.db
/tp/xph3sei/xph3sei201/TP_TEST/TP2/TP_SCAN_INSERTION/config_ports_scan_CORE.tlc
/tp/xph3sei/xph3sei201/TP_TEST/TP2/TP_SCAN_INSERTION/save_files_CORE.tlc
/softslin/AMS_410_CDS/synopsys/c35_3.3V/c35_CORELIB_TYP.db
